#-----------------------------------------------------------
# Vivado v2019.1 (64-bit)
# SW Build 2552052 on Fri May 24 14:49:42 MDT 2019
# IP Build 2548770 on Fri May 24 18:01:18 MDT 2019
# Start of session at: Sat Sep 30 07:28:13 2023
# Process ID: 7868
# Current directory: C:/Users/ItShop/OneDrive/Documents/Vivado/Mano_basic_computer
# Command line: vivado.exe -gui_launcher_event rodinguilauncherevent16760 C:\Users\ItShop\OneDrive\Documents\Vivado\Mano_basic_computer\Mano_basic_computer.xpr
# Log file: C:/Users/ItShop/OneDrive/Documents/Vivado/Mano_basic_computer/vivado.log
# Journal file: C:/Users/ItShop/OneDrive/Documents/Vivado/Mano_basic_computer\vivado.jou
#-----------------------------------------------------------
start_gui
open_project C:/Users/ItShop/OneDrive/Documents/Vivado/Mano_basic_computer/Mano_basic_computer.xpr
Scanning sources...
Finished scanning sources
INFO: [IP_Flow 19-234] Refreshing IP repositories
INFO: [IP_Flow 19-1704] No user IP repositories specified
INFO: [IP_Flow 19-2313] Loaded Vivado IP repository 'C:/Vivado/2019.1/data/ip'.
open_project: Time (s): cpu = 00:00:04 ; elapsed = 00:00:05 . Memory (MB): peak = 862.750 ; gain = 197.109
exit
INFO: [Common 17-206] Exiting Vivado at Sat Sep 30 07:55:39 2023...
